TN:
SF:/home/bingen/workspace/aragon-apps/future-apps/payroll/contracts/Payroll.sol
FN:57,initialize
FN:87,setExchangeRate
FN:100,addAllowedTokens
FN:121,addEmployee
FN:143,addEmployeeWithName
FN:168,addEmployeeWithNameAndStartDate
FN:191,setEmployeeSalary
FN:205,removeEmployee
FN:219,addFunds
FN:239,depositToFinance
FN:267,receiveApproval
FN:301,getEmployeeCount
FN:315,getEmployee
FN:340,getYearlyTotalPayroll
FN:349,calculatePayrollBurnrate
FN:358,calculatePayrollRunway
FN:381,determineAllocation
FN:411,getAllocation
FN:424,payday
FN:467,changeAddressByOwner
FN:484,changeAddressByEmployee
FN:507,getExchangeRate
FN:517,checkExchangeRate
FN:524,_addEmployee
FN:551,getTimestamp
FN:562,toYearlyDenomination
FN:566,toSecondDenominationToken
FNF:27
FNH:26
FNDA:2,initialize
FNDA:10,setExchangeRate
FNDA:2,addAllowedTokens
FNDA:2,addEmployee
FNDA:1,addEmployeeWithName
FNDA:2,addEmployeeWithNameAndStartDate
FNDA:2,setEmployeeSalary
FNDA:2,removeEmployee
FNDA:9,addFunds
FNDA:5,depositToFinance
FNDA:1,receiveApproval
FNDA:5,getEmployeeCount
FNDA:7,getEmployee
FNDA:1,getYearlyTotalPayroll
FNDA:3,calculatePayrollBurnrate
FNDA:2,calculatePayrollRunway
FNDA:10,determineAllocation
FNDA:4,getAllocation
FNDA:7,payday
FNDA:3,changeAddressByOwner
FNDA:3,changeAddressByEmployee
FNDA:6,getExchangeRate
FNDA:13,checkExchangeRate
FNDA:5,_addEmployee
FNDA:0,getTimestamp
FNDA:14,toYearlyDenomination
FNDA:5,toSecondDenominationToken
DA:64,2
DA:66,2
DA:68,2
DA:69,2
DA:70,2
DA:71,2
DA:73,2
DA:74,2
DA:75,2
DA:76,2
DA:77,2
DA:89,10
DA:90,8
DA:91,8
DA:101,2
DA:102,6
DA:103,6
DA:104,6
DA:128,2
DA:151,1
DA:177,2
DA:193,2
DA:195,1
DA:196,1
DA:197,1
DA:207,2
DA:209,1
DA:210,1
DA:211,1
DA:212,1
DA:221,9
DA:222,9
DA:223,9
DA:240,5
DA:241,5
DA:242,5
DA:243,1
DA:246,4
DA:248,4
DA:249,4
DA:276,1
DA:279,1
DA:281,1
DA:283,1
DA:285,1
DA:293,1
DA:302,5
DA:326,7
DA:328,7
DA:329,7
DA:330,7
DA:331,7
DA:332,7
DA:341,1
DA:350,3
DA:359,2
DA:360,1
DA:362,1
DA:364,1
DA:365,6
DA:366,6
DA:367,6
DA:368,1
DA:369,5
DA:371,1
DA:382,10
DA:384,10
DA:389,8
DA:392,7
DA:393,7
DA:394,7
DA:396,25
DA:398,24
DA:399,24
DA:401,6
DA:403,4
DA:412,4
DA:414,4
DA:416,3
DA:425,7
DA:427,7
DA:429,6
DA:430,6
DA:433,5
DA:434,5
DA:435,21
DA:436,21
DA:437,8
DA:438,13
DA:440,12
DA:442,12
DA:443,12
DA:444,12
DA:453,12
DA:454,12
DA:456,4
DA:458,3
DA:469,3
DA:471,2
DA:473,1
DA:474,1
DA:475,1
DA:476,1
DA:486,3
DA:488,2
DA:490,1
DA:491,1
DA:493,1
DA:495,1
DA:496,1
DA:497,1
DA:508,6
DA:518,13
DA:519,1
DA:521,12
DA:533,5
DA:535,4
DA:536,4
DA:544,4
DA:546,4
DA:547,4
DA:548,4
DA:563,14
DA:567,5
LF:124
LH:124
BRDA:75,1,0,2
BRDA:75,1,1,0
BRDA:89,2,0,8
BRDA:89,2,1,2
BRDA:102,3,0,6
BRDA:102,3,1,0
BRDA:193,4,0,1
BRDA:193,4,1,1
BRDA:207,5,0,1
BRDA:207,5,1,1
BRDA:222,6,0,9
BRDA:222,6,1,0
BRDA:242,7,0,1
BRDA:242,7,1,4
BRDA:279,8,0,1
BRDA:279,8,1,0
BRDA:359,9,0,1
BRDA:359,9,1,1
BRDA:367,10,0,1
BRDA:367,10,1,5
BRDA:384,11,0,9
BRDA:384,11,1,1
BRDA:386,12,0,8
BRDA:386,12,1,1
BRDA:389,13,0,7
BRDA:389,13,1,1
BRDA:396,14,0,24
BRDA:396,14,1,1
BRDA:401,15,0,4
BRDA:401,15,1,2
BRDA:414,16,0,3
BRDA:414,16,1,1
BRDA:427,17,0,6
BRDA:427,17,1,1
BRDA:430,18,0,5
BRDA:430,18,1,1
BRDA:436,19,0,8
BRDA:436,19,1,13
BRDA:438,20,0,12
BRDA:438,20,1,1
BRDA:456,21,0,3
BRDA:456,21,1,1
BRDA:469,22,0,2
BRDA:469,22,1,1
BRDA:471,23,0,1
BRDA:471,23,1,1
BRDA:486,24,0,2
BRDA:486,24,1,1
BRDA:488,25,0,1
BRDA:488,25,1,1
BRDA:493,26,0,1
BRDA:493,26,1,0
BRDA:518,27,0,1
BRDA:518,27,1,12
BRDA:533,28,0,4
BRDA:533,28,1,1
BRF:56
BRH:51
end_of_record
