{"contracts/Fundraising.sol":{"l":{"64":28,"66":28,"67":28,"95":27,"97":23,"98":23,"100":23,"101":23,"102":23,"103":23,"104":23,"105":23,"107":23,"108":23,"110":23,"111":23,"113":23,"114":34,"118":32,"121":21,"131":11,"134":11,"137":7,"144":5,"147":4,"148":3,"150":2,"152":2,"153":2,"154":1,"156":2,"165":1,"166":1,"174":4,"182":2,"183":2,"185":2,"186":1,"190":6,"192":6,"193":6,"194":6,"195":6,"196":6,"197":6,"198":6,"199":6,"200":6,"201":6,"202":6,"203":6,"207":2,"208":2,"210":2,"211":2,"212":2,"213":2,"224":1,"228":13,"230":13,"232":13,"233":12,"234":11,"235":9,"238":9,"240":9,"242":9,"243":9,"244":6,"246":3,"250":9,"253":9,"255":9,"256":9,"257":3,"259":6,"262":9,"264":9,"265":9,"267":9,"268":5,"272":9,"283":10,"284":9,"285":9,"289":10,"291":10,"295":10,"298":10,"299":10,"301":10,"302":1,"303":1,"304":1,"305":1,"306":1,"307":1,"309":0,"310":0,"311":0,"317":16,"318":16,"319":16,"321":4,"322":3,"323":3,"326":1,"330":16,"331":3,"333":16,"334":3,"338":5,"345":0},"path":"/Users/jorge/provident/aragon-apps/apps/fundraising/contracts/Fundraising.sol","s":{"1":28,"2":28,"3":28,"4":27,"5":23,"6":23,"7":23,"8":23,"9":23,"10":23,"11":23,"12":23,"13":23,"14":23,"15":23,"16":23,"17":23,"18":34,"19":34,"20":33,"21":21,"22":11,"23":11,"24":7,"25":5,"26":5,"27":4,"28":3,"29":2,"30":2,"31":2,"32":1,"33":2,"34":1,"35":4,"36":2,"37":2,"38":2,"39":1,"40":6,"41":6,"42":6,"43":6,"44":6,"45":6,"46":6,"47":6,"48":6,"49":6,"50":6,"51":6,"52":6,"53":2,"54":2,"55":2,"56":2,"57":2,"58":2,"59":1,"60":1,"61":13,"62":13,"63":13,"64":12,"65":11,"66":9,"67":9,"68":9,"69":9,"70":6,"71":3,"72":9,"73":9,"74":9,"75":3,"76":6,"77":9,"78":9,"79":9,"80":9,"81":5,"82":9,"83":9,"84":10,"85":9,"86":9,"87":10,"88":10,"89":10,"90":10,"91":10,"92":10,"93":10,"94":1,"95":1,"96":1,"97":1,"98":1,"99":1,"100":0,"101":0,"102":0,"103":16,"104":16,"105":16,"106":4,"107":3,"108":3,"109":1,"110":16,"111":3,"112":16,"113":3,"114":0},"b":{"1":[23,4],"2":[23,0],"3":[23,0],"4":[23,11],"5":[33,1],"6":[32,1],"7":[6,1],"8":[4,1],"9":[2,1],"10":[2,0],"11":[1,1],"12":[1,0],"13":[1,1],"14":[1,1],"15":[12,1],"16":[11,1],"17":[9,2],"18":[9,0],"19":[6,3],"20":[3,6],"21":[5,4],"22":[9,1],"23":[10,0],"24":[1,9],"25":[1,0],"26":[3,1],"27":[3,13],"28":[3,13]},"f":{"1":28,"2":27,"3":11,"4":5,"5":1,"6":4,"7":2,"8":6,"9":2,"10":1,"11":13,"12":10,"13":10,"14":16,"15":5,"16":0},"fnMap":{"1":{"name":"initialize","line":63,"loc":{"start":{"line":63,"column":4},"end":{"line":63,"column":74}}},"2":{"name":"newSale","line":82,"loc":{"start":{"line":82,"column":4},"end":{"line":93,"column":5}}},"3":{"name":"transferAndBuy","line":130,"loc":{"start":{"line":130,"column":4},"end":{"line":130,"column":73}}},"4":{"name":"tokenFallback","line":143,"loc":{"start":{"line":143,"column":4},"end":{"line":143,"column":97}}},"5":{"name":"buyWithToken","line":164,"loc":{"start":{"line":164,"column":4},"end":{"line":164,"column":49}}},"6":{"name":"forceCloseSale","line":173,"loc":{"start":{"line":173,"column":4},"end":{"line":173,"column":74}}},"7":{"name":"closeSale","line":181,"loc":{"start":{"line":181,"column":4},"end":{"line":181,"column":46}}},"8":{"name":"getSale","line":189,"loc":{"start":{"line":189,"column":4},"end":{"line":189,"column":287}}},"9":{"name":"getPeriod","line":206,"loc":{"start":{"line":206,"column":4},"end":{"line":206,"column":158}}},"10":{"name":"getCurrentPrice","line":222,"loc":{"start":{"line":222,"column":4},"end":{"line":222,"column":121}}},"11":{"name":"_buy","line":227,"loc":{"start":{"line":227,"column":4},"end":{"line":227,"column":110}}},"12":{"name":"_closeSale","line":282,"loc":{"start":{"line":282,"column":4},"end":{"line":282,"column":47}}},"13":{"name":"calculatePrice","line":288,"loc":{"start":{"line":288,"column":4},"end":{"line":288,"column":129}}},"14":{"name":"transitionSalePeriodIfNeeded","line":316,"loc":{"start":{"line":316,"column":4},"end":{"line":316,"column":67}}},"15":{"name":"parseBuyData","line":337,"loc":{"start":{"line":337,"column":4},"end":{"line":337,"column":90}}},"16":{"name":"getTimestamp","line":344,"loc":{"start":{"line":344,"column":4},"end":{"line":344,"column":61}}}},"statementMap":{"1":{"start":{"line":64,"column":8},"end":{"line":64,"column":20}},"2":{"start":{"line":66,"column":8},"end":{"line":66,"column":35}},"3":{"start":{"line":67,"column":8},"end":{"line":67,"column":21}},"4":{"start":{"line":95,"column":8},"end":{"line":95,"column":89}},"5":{"start":{"line":97,"column":8},"end":{"line":97,"column":30}},"6":{"start":{"line":98,"column":8},"end":{"line":98,"column":40}},"7":{"start":{"line":100,"column":8},"end":{"line":100,"column":32}},"8":{"start":{"line":101,"column":8},"end":{"line":101,"column":38}},"9":{"start":{"line":102,"column":8},"end":{"line":102,"column":34}},"10":{"start":{"line":103,"column":8},"end":{"line":103,"column":30}},"11":{"start":{"line":104,"column":8},"end":{"line":104,"column":28}},"12":{"start":{"line":105,"column":8},"end":{"line":105,"column":44}},"13":{"start":{"line":107,"column":8},"end":{"line":107,"column":44}},"14":{"start":{"line":108,"column":8},"end":{"line":108,"column":46}},"15":{"start":{"line":110,"column":8},"end":{"line":110,"column":75}},"16":{"start":{"line":111,"column":8},"end":{"line":111,"column":56}},"17":{"start":{"line":113,"column":8},"end":{"line":113,"column":3925}},"18":{"start":{"line":114,"column":12},"end":{"line":114,"column":95}},"19":{"start":{"line":115,"column":12},"end":{"line":115,"column":50}},"20":{"start":{"line":116,"column":12},"end":{"line":116,"column":64}},"21":{"start":{"line":121,"column":8},"end":{"line":121,"column":22}},"22":{"start":{"line":131,"column":8},"end":{"line":131,"column":53}},"23":{"start":{"line":134,"column":8},"end":{"line":134,"column":69}},"24":{"start":{"line":137,"column":8},"end":{"line":137,"column":91}},"25":{"start":{"line":144,"column":8},"end":{"line":144,"column":47}},"26":{"start":{"line":145,"column":8},"end":{"line":145,"column":60}},"27":{"start":{"line":147,"column":8},"end":{"line":147,"column":52}},"28":{"start":{"line":148,"column":8},"end":{"line":148,"column":50}},"29":{"start":{"line":150,"column":8},"end":{"line":150,"column":59}},"30":{"start":{"line":152,"column":8},"end":{"line":152,"column":69}},"31":{"start":{"line":153,"column":8},"end":{"line":153,"column":5854}},"32":{"start":{"line":154,"column":12},"end":{"line":154,"column":63}},"33":{"start":{"line":156,"column":8},"end":{"line":156,"column":19}},"34":{"start":{"line":166,"column":8},"end":{"line":166,"column":15}},"35":{"start":{"line":174,"column":8},"end":{"line":174,"column":26}},"36":{"start":{"line":182,"column":8},"end":{"line":182,"column":41}},"37":{"start":{"line":183,"column":8},"end":{"line":183,"column":41}},"38":{"start":{"line":185,"column":8},"end":{"line":185,"column":50}},"39":{"start":{"line":186,"column":8},"end":{"line":186,"column":26}},"40":{"start":{"line":190,"column":8},"end":{"line":190,"column":41}},"41":{"start":{"line":192,"column":8},"end":{"line":192,"column":27}},"42":{"start":{"line":193,"column":8},"end":{"line":193,"column":31}},"43":{"start":{"line":194,"column":8},"end":{"line":194,"column":37}},"44":{"start":{"line":195,"column":8},"end":{"line":195,"column":33}},"45":{"start":{"line":196,"column":8},"end":{"line":196,"column":29}},"46":{"start":{"line":197,"column":8},"end":{"line":197,"column":27}},"47":{"start":{"line":198,"column":8},"end":{"line":198,"column":41}},"48":{"start":{"line":199,"column":8},"end":{"line":199,"column":43}},"49":{"start":{"line":200,"column":8},"end":{"line":200,"column":41}},"50":{"start":{"line":201,"column":8},"end":{"line":201,"column":41}},"51":{"start":{"line":202,"column":8},"end":{"line":202,"column":39}},"52":{"start":{"line":203,"column":8},"end":{"line":203,"column":35}},"53":{"start":{"line":207,"column":8},"end":{"line":207,"column":41}},"54":{"start":{"line":208,"column":8},"end":{"line":208,"column":60}},"55":{"start":{"line":210,"column":8},"end":{"line":210,"column":102}},"56":{"start":{"line":211,"column":8},"end":{"line":211,"column":37}},"57":{"start":{"line":212,"column":8},"end":{"line":212,"column":41}},"58":{"start":{"line":213,"column":8},"end":{"line":213,"column":37}},"59":{"start":{"line":223,"column":8},"end":{"line":223,"column":51}},"60":{"start":{"line":224,"column":8},"end":{"line":224,"column":38}},"61":{"start":{"line":228,"column":8},"end":{"line":228,"column":41}},"62":{"start":{"line":230,"column":8},"end":{"line":230,"column":41}},"63":{"start":{"line":232,"column":8},"end":{"line":232,"column":61}},"64":{"start":{"line":233,"column":8},"end":{"line":233,"column":43}},"65":{"start":{"line":234,"column":8},"end":{"line":234,"column":54}},"66":{"start":{"line":235,"column":8},"end":{"line":235,"column":28}},"67":{"start":{"line":238,"column":8},"end":{"line":238,"column":95}},"68":{"start":{"line":240,"column":8},"end":{"line":240,"column":61}},"69":{"start":{"line":243,"column":8},"end":{"line":243,"column":9350}},"70":{"start":{"line":244,"column":12},"end":{"line":244,"column":70}},"71":{"start":{"line":246,"column":12},"end":{"line":246,"column":70}},"72":{"start":{"line":250,"column":8},"end":{"line":250,"column":88}},"73":{"start":{"line":253,"column":8},"end":{"line":253,"column":61}},"74":{"start":{"line":256,"column":8},"end":{"line":256,"column":9875}},"75":{"start":{"line":257,"column":12},"end":{"line":257,"column":72}},"76":{"start":{"line":259,"column":12},"end":{"line":259,"column":72}},"77":{"start":{"line":262,"column":8},"end":{"line":262,"column":67}},"78":{"start":{"line":264,"column":8},"end":{"line":264,"column":56}},"79":{"start":{"line":265,"column":8},"end":{"line":265,"column":68}},"80":{"start":{"line":267,"column":8},"end":{"line":267,"column":10314}},"81":{"start":{"line":268,"column":12},"end":{"line":268,"column":30}},"82":{"start":{"line":272,"column":8},"end":{"line":272,"column":10498}},"83":{"start":{"line":279,"column":8},"end":{"line":279,"column":51}},"84":{"start":{"line":283,"column":8},"end":{"line":283,"column":38}},"85":{"start":{"line":284,"column":8},"end":{"line":284,"column":35}},"86":{"start":{"line":285,"column":8},"end":{"line":285,"column":25}},"87":{"start":{"line":289,"column":8},"end":{"line":289,"column":41}},"88":{"start":{"line":291,"column":8},"end":{"line":291,"column":67}},"89":{"start":{"line":295,"column":8},"end":{"line":295,"column":49}},"90":{"start":{"line":297,"column":8},"end":{"line":297,"column":31}},"91":{"start":{"line":298,"column":8},"end":{"line":298,"column":43}},"92":{"start":{"line":299,"column":8},"end":{"line":299,"column":54}},"93":{"start":{"line":301,"column":8},"end":{"line":301,"column":11610}},"94":{"start":{"line":302,"column":12},"end":{"line":302,"column":94}},"95":{"start":{"line":303,"column":12},"end":{"line":303,"column":82}},"96":{"start":{"line":304,"column":12},"end":{"line":304,"column":11887}},"97":{"start":{"line":305,"column":16},"end":{"line":305,"column":70}},"98":{"start":{"line":306,"column":16},"end":{"line":306,"column":85}},"99":{"start":{"line":307,"column":16},"end":{"line":307,"column":37}},"100":{"start":{"line":309,"column":16},"end":{"line":309,"column":70}},"101":{"start":{"line":310,"column":16},"end":{"line":310,"column":85}},"102":{"start":{"line":311,"column":16},"end":{"line":311,"column":37}},"103":{"start":{"line":317,"column":8},"end":{"line":317,"column":49}},"104":{"start":{"line":318,"column":8},"end":{"line":318,"column":52}},"105":{"start":{"line":319,"column":8},"end":{"line":319,"column":12571}},"106":{"start":{"line":321,"column":12},"end":{"line":321,"column":12700}},"107":{"start":{"line":322,"column":16},"end":{"line":322,"column":71}},"108":{"start":{"line":323,"column":16},"end":{"line":323,"column":36}},"109":{"start":{"line":325,"column":16},"end":{"line":325,"column":40}},"110":{"start":{"line":330,"column":8},"end":{"line":330,"column":13039}},"111":{"start":{"line":331,"column":12},"end":{"line":331,"column":46}},"112":{"start":{"line":333,"column":8},"end":{"line":333,"column":13141}},"113":{"start":{"line":334,"column":12},"end":{"line":334,"column":48}},"114":{"start":{"line":345,"column":8},"end":{"line":345,"column":18}}},"branchMap":{"1":{"line":95,"type":"if","locations":[{"start":{"line":95,"column":8},"end":{"line":95,"column":8}},{"start":{"line":95,"column":8},"end":{"line":95,"column":8}}]},"2":{"line":110,"type":"if","locations":[{"start":{"line":110,"column":8},"end":{"line":110,"column":8}},{"start":{"line":110,"column":8},"end":{"line":110,"column":8}}]},"3":{"line":111,"type":"if","locations":[{"start":{"line":111,"column":8},"end":{"line":111,"column":8}},{"start":{"line":111,"column":8},"end":{"line":111,"column":8}}]},"4":{"line":114,"type":"cond-expr","locations":[{"start":{"line":114,"column":45},"end":{"line":114,"column":63}},{"start":{"line":114,"column":66},"end":{"line":114,"column":96}}]},"5":{"line":115,"type":"if","locations":[{"start":{"line":115,"column":12},"end":{"line":115,"column":12}},{"start":{"line":115,"column":12},"end":{"line":115,"column":12}}]},"6":{"line":116,"type":"if","locations":[{"start":{"line":116,"column":12},"end":{"line":116,"column":12}},{"start":{"line":116,"column":12},"end":{"line":116,"column":12}}]},"7":{"line":137,"type":"if","locations":[{"start":{"line":137,"column":8},"end":{"line":137,"column":8}},{"start":{"line":137,"column":8},"end":{"line":137,"column":8}}]},"8":{"line":145,"type":"if","locations":[{"start":{"line":145,"column":8},"end":{"line":145,"column":8}},{"start":{"line":145,"column":8},"end":{"line":145,"column":8}}]},"9":{"line":148,"type":"if","locations":[{"start":{"line":148,"column":8},"end":{"line":148,"column":8}},{"start":{"line":148,"column":8},"end":{"line":148,"column":8}}]},"10":{"line":152,"type":"if","locations":[{"start":{"line":152,"column":8},"end":{"line":152,"column":8}},{"start":{"line":152,"column":8},"end":{"line":152,"column":8}}]},"11":{"line":153,"type":"if","locations":[{"start":{"line":153,"column":8},"end":{"line":153,"column":8}},{"start":{"line":153,"column":8},"end":{"line":153,"column":8}}]},"12":{"line":154,"type":"if","locations":[{"start":{"line":154,"column":12},"end":{"line":154,"column":12}},{"start":{"line":154,"column":12},"end":{"line":154,"column":12}}]},"13":{"line":185,"type":"if","locations":[{"start":{"line":185,"column":8},"end":{"line":185,"column":8}},{"start":{"line":185,"column":8},"end":{"line":185,"column":8}}]},"14":{"line":210,"type":"cond-expr","locations":[{"start":{"line":210,"column":42},"end":{"line":210,"column":60}},{"start":{"line":210,"column":63},"end":{"line":210,"column":103}}]},"15":{"line":232,"type":"if","locations":[{"start":{"line":232,"column":8},"end":{"line":232,"column":8}},{"start":{"line":232,"column":8},"end":{"line":232,"column":8}}]},"16":{"line":233,"type":"if","locations":[{"start":{"line":233,"column":8},"end":{"line":233,"column":8}},{"start":{"line":233,"column":8},"end":{"line":233,"column":8}}]},"17":{"line":234,"type":"if","locations":[{"start":{"line":234,"column":8},"end":{"line":234,"column":8}},{"start":{"line":234,"column":8},"end":{"line":234,"column":8}}]},"18":{"line":235,"type":"if","locations":[{"start":{"line":235,"column":8},"end":{"line":235,"column":8}},{"start":{"line":235,"column":8},"end":{"line":235,"column":8}}]},"19":{"line":243,"type":"if","locations":[{"start":{"line":243,"column":8},"end":{"line":243,"column":8}},{"start":{"line":243,"column":8},"end":{"line":243,"column":8}}]},"20":{"line":256,"type":"if","locations":[{"start":{"line":256,"column":8},"end":{"line":256,"column":8}},{"start":{"line":256,"column":8},"end":{"line":256,"column":8}}]},"21":{"line":267,"type":"if","locations":[{"start":{"line":267,"column":8},"end":{"line":267,"column":8}},{"start":{"line":267,"column":8},"end":{"line":267,"column":8}}]},"22":{"line":283,"type":"if","locations":[{"start":{"line":283,"column":8},"end":{"line":283,"column":8}},{"start":{"line":283,"column":8},"end":{"line":283,"column":8}}]},"23":{"line":295,"type":"if","locations":[{"start":{"line":295,"column":8},"end":{"line":295,"column":8}},{"start":{"line":295,"column":8},"end":{"line":295,"column":8}}]},"24":{"line":301,"type":"if","locations":[{"start":{"line":301,"column":8},"end":{"line":301,"column":8}},{"start":{"line":301,"column":8},"end":{"line":301,"column":8}}]},"25":{"line":304,"type":"if","locations":[{"start":{"line":304,"column":12},"end":{"line":304,"column":12}},{"start":{"line":304,"column":12},"end":{"line":304,"column":12}}]},"26":{"line":321,"type":"if","locations":[{"start":{"line":321,"column":12},"end":{"line":321,"column":12}},{"start":{"line":321,"column":12},"end":{"line":321,"column":12}}]},"27":{"line":330,"type":"if","locations":[{"start":{"line":330,"column":8},"end":{"line":330,"column":8}},{"start":{"line":330,"column":8},"end":{"line":330,"column":8}}]},"28":{"line":333,"type":"if","locations":[{"start":{"line":333,"column":8},"end":{"line":333,"column":8}},{"start":{"line":333,"column":8},"end":{"line":333,"column":8}}]}}}}