{"contracts/Fundraising.sol":{"l":{"65":28,"67":28,"68":28,"96":27,"98":23,"99":23,"101":23,"102":23,"103":23,"104":23,"105":23,"106":23,"108":23,"109":23,"111":23,"112":23,"114":23,"115":34,"119":32,"122":21,"132":11,"135":11,"138":7,"145":5,"148":4,"149":3,"151":2,"153":2,"154":2,"155":1,"157":2,"166":1,"167":1,"175":4,"183":2,"184":2,"186":2,"187":1,"191":6,"193":6,"194":6,"195":6,"196":6,"197":6,"198":6,"199":6,"200":6,"201":6,"202":6,"203":6,"204":6,"208":2,"209":2,"211":2,"212":2,"213":2,"214":2,"225":1,"229":13,"231":13,"233":13,"234":12,"235":11,"236":9,"239":9,"241":9,"243":9,"244":9,"245":6,"247":3,"251":9,"254":9,"256":9,"257":9,"258":3,"260":6,"263":9,"265":9,"266":9,"268":9,"269":5,"273":9,"284":10,"285":9,"286":9,"290":10,"292":10,"296":10,"299":10,"300":10,"302":10,"303":1,"304":1,"305":1,"306":1,"307":1,"308":1,"310":0,"311":0,"312":0,"318":16,"319":16,"320":16,"322":4,"323":3,"324":3,"327":1,"331":16,"332":3,"334":16,"335":3,"339":5,"346":0},"path":"/home/bingen/workspace/aragon-apps/future-apps/fundraising/contracts/Fundraising.sol","s":{"1":28,"2":28,"3":28,"4":27,"5":23,"6":23,"7":23,"8":23,"9":23,"10":23,"11":23,"12":23,"13":23,"14":23,"15":23,"16":23,"17":23,"18":34,"19":34,"20":33,"21":21,"22":11,"23":11,"24":7,"25":5,"26":5,"27":4,"28":3,"29":2,"30":2,"31":2,"32":1,"33":2,"34":1,"35":4,"36":2,"37":2,"38":2,"39":1,"40":6,"41":6,"42":6,"43":6,"44":6,"45":6,"46":6,"47":6,"48":6,"49":6,"50":6,"51":6,"52":6,"53":2,"54":2,"55":2,"56":2,"57":2,"58":2,"59":1,"60":1,"61":13,"62":13,"63":13,"64":12,"65":11,"66":9,"67":9,"68":9,"69":9,"70":6,"71":3,"72":9,"73":9,"74":9,"75":3,"76":6,"77":9,"78":9,"79":9,"80":9,"81":5,"82":9,"83":9,"84":10,"85":9,"86":9,"87":10,"88":10,"89":10,"90":10,"91":10,"92":10,"93":10,"94":1,"95":1,"96":1,"97":1,"98":1,"99":1,"100":0,"101":0,"102":0,"103":16,"104":16,"105":16,"106":4,"107":3,"108":3,"109":1,"110":16,"111":3,"112":16,"113":3,"114":0},"b":{"1":[23,4],"2":[23,0],"3":[23,0],"4":[23,11],"5":[33,1],"6":[32,1],"7":[6,1],"8":[4,1],"9":[2,1],"10":[2,0],"11":[1,1],"12":[1,0],"13":[1,1],"14":[1,1],"15":[12,1],"16":[11,1],"17":[9,2],"18":[9,0],"19":[6,3],"20":[3,6],"21":[5,4],"22":[9,1],"23":[10,0],"24":[1,9],"25":[1,0],"26":[3,1],"27":[3,13],"28":[3,13]},"f":{"1":28,"2":27,"3":11,"4":5,"5":1,"6":4,"7":2,"8":6,"9":2,"10":1,"11":13,"12":10,"13":10,"14":16,"15":5,"16":0},"fnMap":{"1":{"name":"initialize","line":64,"loc":{"start":{"line":64,"column":4},"end":{"line":64,"column":83}}},"2":{"name":"newSale","line":83,"loc":{"start":{"line":83,"column":4},"end":{"line":94,"column":5}}},"3":{"name":"transferAndBuy","line":131,"loc":{"start":{"line":131,"column":4},"end":{"line":131,"column":73}}},"4":{"name":"tokenFallback","line":144,"loc":{"start":{"line":144,"column":4},"end":{"line":144,"column":97}}},"5":{"name":"buyWithToken","line":165,"loc":{"start":{"line":165,"column":4},"end":{"line":165,"column":49}}},"6":{"name":"forceCloseSale","line":174,"loc":{"start":{"line":174,"column":4},"end":{"line":174,"column":74}}},"7":{"name":"closeSale","line":182,"loc":{"start":{"line":182,"column":4},"end":{"line":182,"column":46}}},"8":{"name":"getSale","line":190,"loc":{"start":{"line":190,"column":4},"end":{"line":190,"column":290}}},"9":{"name":"getPeriod","line":207,"loc":{"start":{"line":207,"column":4},"end":{"line":207,"column":161}}},"10":{"name":"getCurrentPrice","line":223,"loc":{"start":{"line":223,"column":4},"end":{"line":223,"column":124}}},"11":{"name":"_buy","line":228,"loc":{"start":{"line":228,"column":4},"end":{"line":228,"column":110}}},"12":{"name":"_closeSale","line":283,"loc":{"start":{"line":283,"column":4},"end":{"line":283,"column":47}}},"13":{"name":"calculatePrice","line":289,"loc":{"start":{"line":289,"column":4},"end":{"line":289,"column":125}}},"14":{"name":"transitionSalePeriodIfNeeded","line":317,"loc":{"start":{"line":317,"column":4},"end":{"line":317,"column":67}}},"15":{"name":"parseBuyData","line":338,"loc":{"start":{"line":338,"column":4},"end":{"line":338,"column":86}}},"16":{"name":"getTimestamp","line":345,"loc":{"start":{"line":345,"column":4},"end":{"line":345,"column":57}}}},"statementMap":{"1":{"start":{"line":65,"column":8},"end":{"line":65,"column":20}},"2":{"start":{"line":67,"column":8},"end":{"line":67,"column":35}},"3":{"start":{"line":68,"column":8},"end":{"line":68,"column":21}},"4":{"start":{"line":96,"column":8},"end":{"line":96,"column":89}},"5":{"start":{"line":98,"column":8},"end":{"line":98,"column":30}},"6":{"start":{"line":99,"column":8},"end":{"line":99,"column":40}},"7":{"start":{"line":101,"column":8},"end":{"line":101,"column":32}},"8":{"start":{"line":102,"column":8},"end":{"line":102,"column":38}},"9":{"start":{"line":103,"column":8},"end":{"line":103,"column":34}},"10":{"start":{"line":104,"column":8},"end":{"line":104,"column":30}},"11":{"start":{"line":105,"column":8},"end":{"line":105,"column":28}},"12":{"start":{"line":106,"column":8},"end":{"line":106,"column":44}},"13":{"start":{"line":108,"column":8},"end":{"line":108,"column":44}},"14":{"start":{"line":109,"column":8},"end":{"line":109,"column":46}},"15":{"start":{"line":111,"column":8},"end":{"line":111,"column":75}},"16":{"start":{"line":112,"column":8},"end":{"line":112,"column":56}},"17":{"start":{"line":114,"column":8},"end":{"line":114,"column":3931}},"18":{"start":{"line":115,"column":12},"end":{"line":115,"column":95}},"19":{"start":{"line":116,"column":12},"end":{"line":116,"column":50}},"20":{"start":{"line":117,"column":12},"end":{"line":117,"column":64}},"21":{"start":{"line":122,"column":8},"end":{"line":122,"column":22}},"22":{"start":{"line":132,"column":8},"end":{"line":132,"column":53}},"23":{"start":{"line":135,"column":8},"end":{"line":135,"column":69}},"24":{"start":{"line":138,"column":8},"end":{"line":138,"column":91}},"25":{"start":{"line":145,"column":8},"end":{"line":145,"column":47}},"26":{"start":{"line":146,"column":8},"end":{"line":146,"column":60}},"27":{"start":{"line":148,"column":8},"end":{"line":148,"column":52}},"28":{"start":{"line":149,"column":8},"end":{"line":149,"column":50}},"29":{"start":{"line":151,"column":8},"end":{"line":151,"column":59}},"30":{"start":{"line":153,"column":8},"end":{"line":153,"column":69}},"31":{"start":{"line":154,"column":8},"end":{"line":154,"column":5860}},"32":{"start":{"line":155,"column":12},"end":{"line":155,"column":63}},"33":{"start":{"line":157,"column":8},"end":{"line":157,"column":19}},"34":{"start":{"line":167,"column":8},"end":{"line":167,"column":15}},"35":{"start":{"line":175,"column":8},"end":{"line":175,"column":26}},"36":{"start":{"line":183,"column":8},"end":{"line":183,"column":41}},"37":{"start":{"line":184,"column":8},"end":{"line":184,"column":41}},"38":{"start":{"line":186,"column":8},"end":{"line":186,"column":50}},"39":{"start":{"line":187,"column":8},"end":{"line":187,"column":26}},"40":{"start":{"line":191,"column":8},"end":{"line":191,"column":41}},"41":{"start":{"line":193,"column":8},"end":{"line":193,"column":27}},"42":{"start":{"line":194,"column":8},"end":{"line":194,"column":31}},"43":{"start":{"line":195,"column":8},"end":{"line":195,"column":37}},"44":{"start":{"line":196,"column":8},"end":{"line":196,"column":33}},"45":{"start":{"line":197,"column":8},"end":{"line":197,"column":29}},"46":{"start":{"line":198,"column":8},"end":{"line":198,"column":27}},"47":{"start":{"line":199,"column":8},"end":{"line":199,"column":41}},"48":{"start":{"line":200,"column":8},"end":{"line":200,"column":43}},"49":{"start":{"line":201,"column":8},"end":{"line":201,"column":41}},"50":{"start":{"line":202,"column":8},"end":{"line":202,"column":41}},"51":{"start":{"line":203,"column":8},"end":{"line":203,"column":39}},"52":{"start":{"line":204,"column":8},"end":{"line":204,"column":35}},"53":{"start":{"line":208,"column":8},"end":{"line":208,"column":41}},"54":{"start":{"line":209,"column":8},"end":{"line":209,"column":60}},"55":{"start":{"line":211,"column":8},"end":{"line":211,"column":102}},"56":{"start":{"line":212,"column":8},"end":{"line":212,"column":37}},"57":{"start":{"line":213,"column":8},"end":{"line":213,"column":41}},"58":{"start":{"line":214,"column":8},"end":{"line":214,"column":37}},"59":{"start":{"line":224,"column":8},"end":{"line":224,"column":51}},"60":{"start":{"line":225,"column":8},"end":{"line":225,"column":38}},"61":{"start":{"line":229,"column":8},"end":{"line":229,"column":41}},"62":{"start":{"line":231,"column":8},"end":{"line":231,"column":41}},"63":{"start":{"line":233,"column":8},"end":{"line":233,"column":61}},"64":{"start":{"line":234,"column":8},"end":{"line":234,"column":43}},"65":{"start":{"line":235,"column":8},"end":{"line":235,"column":54}},"66":{"start":{"line":236,"column":8},"end":{"line":236,"column":28}},"67":{"start":{"line":239,"column":8},"end":{"line":239,"column":95}},"68":{"start":{"line":241,"column":8},"end":{"line":241,"column":61}},"69":{"start":{"line":244,"column":8},"end":{"line":244,"column":9365}},"70":{"start":{"line":245,"column":12},"end":{"line":245,"column":70}},"71":{"start":{"line":247,"column":12},"end":{"line":247,"column":70}},"72":{"start":{"line":251,"column":8},"end":{"line":251,"column":88}},"73":{"start":{"line":254,"column":8},"end":{"line":254,"column":61}},"74":{"start":{"line":257,"column":8},"end":{"line":257,"column":9890}},"75":{"start":{"line":258,"column":12},"end":{"line":258,"column":72}},"76":{"start":{"line":260,"column":12},"end":{"line":260,"column":72}},"77":{"start":{"line":263,"column":8},"end":{"line":263,"column":67}},"78":{"start":{"line":265,"column":8},"end":{"line":265,"column":56}},"79":{"start":{"line":266,"column":8},"end":{"line":266,"column":68}},"80":{"start":{"line":268,"column":8},"end":{"line":268,"column":10329}},"81":{"start":{"line":269,"column":12},"end":{"line":269,"column":30}},"82":{"start":{"line":273,"column":8},"end":{"line":273,"column":10513}},"83":{"start":{"line":280,"column":8},"end":{"line":280,"column":51}},"84":{"start":{"line":284,"column":8},"end":{"line":284,"column":38}},"85":{"start":{"line":285,"column":8},"end":{"line":285,"column":35}},"86":{"start":{"line":286,"column":8},"end":{"line":286,"column":25}},"87":{"start":{"line":290,"column":8},"end":{"line":290,"column":41}},"88":{"start":{"line":292,"column":8},"end":{"line":292,"column":67}},"89":{"start":{"line":296,"column":8},"end":{"line":296,"column":49}},"90":{"start":{"line":298,"column":8},"end":{"line":298,"column":31}},"91":{"start":{"line":299,"column":8},"end":{"line":299,"column":43}},"92":{"start":{"line":300,"column":8},"end":{"line":300,"column":54}},"93":{"start":{"line":302,"column":8},"end":{"line":302,"column":11621}},"94":{"start":{"line":303,"column":12},"end":{"line":303,"column":94}},"95":{"start":{"line":304,"column":12},"end":{"line":304,"column":82}},"96":{"start":{"line":305,"column":12},"end":{"line":305,"column":11898}},"97":{"start":{"line":306,"column":16},"end":{"line":306,"column":70}},"98":{"start":{"line":307,"column":16},"end":{"line":307,"column":85}},"99":{"start":{"line":308,"column":16},"end":{"line":308,"column":37}},"100":{"start":{"line":310,"column":16},"end":{"line":310,"column":70}},"101":{"start":{"line":311,"column":16},"end":{"line":311,"column":85}},"102":{"start":{"line":312,"column":16},"end":{"line":312,"column":37}},"103":{"start":{"line":318,"column":8},"end":{"line":318,"column":49}},"104":{"start":{"line":319,"column":8},"end":{"line":319,"column":52}},"105":{"start":{"line":320,"column":8},"end":{"line":320,"column":12582}},"106":{"start":{"line":322,"column":12},"end":{"line":322,"column":12711}},"107":{"start":{"line":323,"column":16},"end":{"line":323,"column":71}},"108":{"start":{"line":324,"column":16},"end":{"line":324,"column":36}},"109":{"start":{"line":326,"column":16},"end":{"line":326,"column":40}},"110":{"start":{"line":331,"column":8},"end":{"line":331,"column":13050}},"111":{"start":{"line":332,"column":12},"end":{"line":332,"column":46}},"112":{"start":{"line":334,"column":8},"end":{"line":334,"column":13152}},"113":{"start":{"line":335,"column":12},"end":{"line":335,"column":48}},"114":{"start":{"line":346,"column":8},"end":{"line":346,"column":18}}},"branchMap":{"1":{"line":96,"type":"if","locations":[{"start":{"line":96,"column":8},"end":{"line":96,"column":8}},{"start":{"line":96,"column":8},"end":{"line":96,"column":8}}]},"2":{"line":111,"type":"if","locations":[{"start":{"line":111,"column":8},"end":{"line":111,"column":8}},{"start":{"line":111,"column":8},"end":{"line":111,"column":8}}]},"3":{"line":112,"type":"if","locations":[{"start":{"line":112,"column":8},"end":{"line":112,"column":8}},{"start":{"line":112,"column":8},"end":{"line":112,"column":8}}]},"4":{"line":115,"type":"cond-expr","locations":[{"start":{"line":115,"column":45},"end":{"line":115,"column":63}},{"start":{"line":115,"column":66},"end":{"line":115,"column":96}}]},"5":{"line":116,"type":"if","locations":[{"start":{"line":116,"column":12},"end":{"line":116,"column":12}},{"start":{"line":116,"column":12},"end":{"line":116,"column":12}}]},"6":{"line":117,"type":"if","locations":[{"start":{"line":117,"column":12},"end":{"line":117,"column":12}},{"start":{"line":117,"column":12},"end":{"line":117,"column":12}}]},"7":{"line":138,"type":"if","locations":[{"start":{"line":138,"column":8},"end":{"line":138,"column":8}},{"start":{"line":138,"column":8},"end":{"line":138,"column":8}}]},"8":{"line":146,"type":"if","locations":[{"start":{"line":146,"column":8},"end":{"line":146,"column":8}},{"start":{"line":146,"column":8},"end":{"line":146,"column":8}}]},"9":{"line":149,"type":"if","locations":[{"start":{"line":149,"column":8},"end":{"line":149,"column":8}},{"start":{"line":149,"column":8},"end":{"line":149,"column":8}}]},"10":{"line":153,"type":"if","locations":[{"start":{"line":153,"column":8},"end":{"line":153,"column":8}},{"start":{"line":153,"column":8},"end":{"line":153,"column":8}}]},"11":{"line":154,"type":"if","locations":[{"start":{"line":154,"column":8},"end":{"line":154,"column":8}},{"start":{"line":154,"column":8},"end":{"line":154,"column":8}}]},"12":{"line":155,"type":"if","locations":[{"start":{"line":155,"column":12},"end":{"line":155,"column":12}},{"start":{"line":155,"column":12},"end":{"line":155,"column":12}}]},"13":{"line":186,"type":"if","locations":[{"start":{"line":186,"column":8},"end":{"line":186,"column":8}},{"start":{"line":186,"column":8},"end":{"line":186,"column":8}}]},"14":{"line":211,"type":"cond-expr","locations":[{"start":{"line":211,"column":42},"end":{"line":211,"column":60}},{"start":{"line":211,"column":63},"end":{"line":211,"column":103}}]},"15":{"line":233,"type":"if","locations":[{"start":{"line":233,"column":8},"end":{"line":233,"column":8}},{"start":{"line":233,"column":8},"end":{"line":233,"column":8}}]},"16":{"line":234,"type":"if","locations":[{"start":{"line":234,"column":8},"end":{"line":234,"column":8}},{"start":{"line":234,"column":8},"end":{"line":234,"column":8}}]},"17":{"line":235,"type":"if","locations":[{"start":{"line":235,"column":8},"end":{"line":235,"column":8}},{"start":{"line":235,"column":8},"end":{"line":235,"column":8}}]},"18":{"line":236,"type":"if","locations":[{"start":{"line":236,"column":8},"end":{"line":236,"column":8}},{"start":{"line":236,"column":8},"end":{"line":236,"column":8}}]},"19":{"line":244,"type":"if","locations":[{"start":{"line":244,"column":8},"end":{"line":244,"column":8}},{"start":{"line":244,"column":8},"end":{"line":244,"column":8}}]},"20":{"line":257,"type":"if","locations":[{"start":{"line":257,"column":8},"end":{"line":257,"column":8}},{"start":{"line":257,"column":8},"end":{"line":257,"column":8}}]},"21":{"line":268,"type":"if","locations":[{"start":{"line":268,"column":8},"end":{"line":268,"column":8}},{"start":{"line":268,"column":8},"end":{"line":268,"column":8}}]},"22":{"line":284,"type":"if","locations":[{"start":{"line":284,"column":8},"end":{"line":284,"column":8}},{"start":{"line":284,"column":8},"end":{"line":284,"column":8}}]},"23":{"line":296,"type":"if","locations":[{"start":{"line":296,"column":8},"end":{"line":296,"column":8}},{"start":{"line":296,"column":8},"end":{"line":296,"column":8}}]},"24":{"line":302,"type":"if","locations":[{"start":{"line":302,"column":8},"end":{"line":302,"column":8}},{"start":{"line":302,"column":8},"end":{"line":302,"column":8}}]},"25":{"line":305,"type":"if","locations":[{"start":{"line":305,"column":12},"end":{"line":305,"column":12}},{"start":{"line":305,"column":12},"end":{"line":305,"column":12}}]},"26":{"line":322,"type":"if","locations":[{"start":{"line":322,"column":12},"end":{"line":322,"column":12}},{"start":{"line":322,"column":12},"end":{"line":322,"column":12}}]},"27":{"line":331,"type":"if","locations":[{"start":{"line":331,"column":8},"end":{"line":331,"column":8}},{"start":{"line":331,"column":8},"end":{"line":331,"column":8}}]},"28":{"line":334,"type":"if","locations":[{"start":{"line":334,"column":8},"end":{"line":334,"column":8}},{"start":{"line":334,"column":8},"end":{"line":334,"column":8}}]}}}}