{"contracts/Payroll.sol":{"l":{"64":2,"66":2,"68":2,"69":2,"70":2,"71":2,"73":2,"74":2,"75":2,"76":2,"77":2,"89":10,"90":8,"91":8,"101":2,"102":6,"103":6,"104":6,"128":2,"151":1,"177":2,"193":2,"195":1,"196":1,"197":1,"207":2,"209":1,"210":1,"211":1,"212":1,"221":9,"222":9,"223":9,"240":5,"241":5,"242":5,"243":1,"246":4,"248":4,"249":4,"276":1,"279":1,"281":1,"283":1,"285":1,"293":1,"302":5,"326":7,"328":7,"329":7,"330":7,"331":7,"332":7,"341":1,"350":3,"359":2,"360":1,"362":1,"364":1,"365":6,"366":6,"367":6,"368":1,"369":5,"371":1,"382":10,"384":10,"389":8,"392":7,"393":7,"394":7,"396":25,"398":24,"399":24,"401":6,"403":4,"412":4,"414":4,"416":3,"425":7,"427":7,"429":6,"430":6,"433":5,"434":5,"435":21,"436":21,"437":8,"438":13,"440":12,"442":12,"443":12,"444":12,"453":12,"454":12,"456":4,"458":3,"469":3,"471":2,"473":1,"474":1,"475":1,"476":1,"486":3,"488":2,"490":1,"491":1,"493":1,"495":1,"496":1,"497":1,"508":6,"518":13,"519":1,"521":12,"533":5,"535":4,"536":4,"544":4,"546":4,"547":4,"548":4,"563":14,"567":5},"path":"/home/bingen/workspace/aragon-apps/future-apps/payroll/contracts/Payroll.sol","s":{"1":2,"2":2,"3":2,"4":2,"5":2,"6":2,"7":2,"8":2,"9":2,"10":2,"11":10,"12":8,"13":8,"14":2,"15":6,"16":6,"17":2,"18":1,"19":2,"20":2,"21":1,"22":1,"23":1,"24":2,"25":1,"26":9,"27":9,"28":5,"29":5,"30":5,"31":1,"32":4,"33":1,"34":1,"35":1,"36":1,"37":5,"38":7,"39":7,"40":7,"41":7,"42":7,"43":7,"44":1,"45":3,"46":2,"47":1,"48":1,"49":1,"50":6,"51":6,"52":6,"53":5,"54":1,"55":10,"56":10,"57":9,"58":8,"59":7,"60":7,"61":25,"62":24,"63":24,"64":6,"65":4,"66":4,"67":4,"68":3,"69":7,"70":7,"71":6,"72":6,"73":5,"74":5,"75":21,"76":21,"77":13,"78":12,"79":12,"80":12,"81":12,"82":12,"83":4,"84":3,"85":3,"86":2,"87":1,"88":1,"89":1,"90":1,"91":3,"92":2,"93":1,"94":1,"95":1,"96":1,"97":1,"98":1,"99":6,"100":13,"101":1,"102":12,"103":5,"104":4,"105":4,"106":4,"107":4,"108":0,"109":14,"110":5},"b":{"1":[2,0],"2":[8,2],"3":[6,0],"4":[1,1],"5":[1,1],"6":[9,0],"7":[1,4],"8":[1,0],"9":[1,1],"10":[1,5],"11":[9,1],"12":[8,1],"13":[7,1],"14":[24,1],"15":[4,2],"16":[3,1],"17":[6,1],"18":[5,1],"19":[8,13],"20":[12,1],"21":[3,1],"22":[2,1],"23":[1,1],"24":[2,1],"25":[1,1],"26":[1,0],"27":[1,12],"28":[4,1]},"f":{"1":2,"2":10,"3":2,"4":2,"5":1,"6":2,"7":2,"8":2,"9":9,"10":5,"11":1,"12":5,"13":7,"14":1,"15":3,"16":2,"17":10,"18":4,"19":7,"20":3,"21":3,"22":6,"23":13,"24":5,"25":0,"26":14,"27":5},"fnMap":{"1":{"name":"initialize","line":57,"loc":{"start":{"line":57,"column":4},"end":{"line":63,"column":5}}},"2":{"name":"setExchangeRate","line":87,"loc":{"start":{"line":87,"column":4},"end":{"line":87,"column":102}}},"3":{"name":"addAllowedTokens","line":100,"loc":{"start":{"line":100,"column":4},"end":{"line":100,"column":80}}},"4":{"name":"addEmployee","line":121,"loc":{"start":{"line":121,"column":4},"end":{"line":127,"column":5}}},"5":{"name":"addEmployeeWithName","line":143,"loc":{"start":{"line":143,"column":4},"end":{"line":150,"column":5}}},"6":{"name":"addEmployeeWithNameAndStartDate","line":168,"loc":{"start":{"line":168,"column":4},"end":{"line":176,"column":5}}},"7":{"name":"setEmployeeSalary","line":191,"loc":{"start":{"line":191,"column":4},"end":{"line":191,"column":109}}},"8":{"name":"removeEmployee","line":205,"loc":{"start":{"line":205,"column":4},"end":{"line":205,"column":72}}},"9":{"name":"addFunds","line":219,"loc":{"start":{"line":219,"column":4},"end":{"line":219,"column":36}}},"10":{"name":"depositToFinance","line":239,"loc":{"start":{"line":239,"column":4},"end":{"line":239,"column":49}}},"11":{"name":"receiveApproval","line":267,"loc":{"start":{"line":267,"column":4},"end":{"line":275,"column":5}}},"12":{"name":"getEmployeeCount","line":301,"loc":{"start":{"line":301,"column":4},"end":{"line":301,"column":64}}},"13":{"name":"getEmployee","line":315,"loc":{"start":{"line":315,"column":4},"end":{"line":325,"column":5}}},"14":{"name":"getYearlyTotalPayroll","line":340,"loc":{"start":{"line":340,"column":4},"end":{"line":340,"column":69}}},"15":{"name":"calculatePayrollBurnrate","line":349,"loc":{"start":{"line":349,"column":4},"end":{"line":349,"column":82}}},"16":{"name":"calculatePayrollRunway","line":358,"loc":{"start":{"line":358,"column":4},"end":{"line":358,"column":78}}},"17":{"name":"determineAllocation","line":381,"loc":{"start":{"line":381,"column":4},"end":{"line":381,"column":79}}},"18":{"name":"getAllocation","line":411,"loc":{"start":{"line":411,"column":4},"end":{"line":411,"column":79}}},"19":{"name":"payday","line":424,"loc":{"start":{"line":424,"column":4},"end":{"line":424,"column":26}}},"20":{"name":"changeAddressByOwner","line":467,"loc":{"start":{"line":467,"column":4},"end":{"line":467,"column":98}}},"21":{"name":"changeAddressByEmployee","line":484,"loc":{"start":{"line":484,"column":4},"end":{"line":484,"column":61}}},"22":{"name":"getExchangeRate","line":507,"loc":{"start":{"line":507,"column":4},"end":{"line":507,"column":75}}},"23":{"name":"checkExchangeRate","line":517,"loc":{"start":{"line":517,"column":4},"end":{"line":517,"column":71}}},"24":{"name":"_addEmployee","line":524,"loc":{"start":{"line":524,"column":4},"end":{"line":531,"column":5}}},"25":{"name":"getTimestamp","line":551,"loc":{"start":{"line":551,"column":4},"end":{"line":551,"column":57}}},"26":{"name":"toYearlyDenomination","line":562,"loc":{"start":{"line":562,"column":4},"end":{"line":562,"column":74}}},"27":{"name":"toSecondDenominationToken","line":566,"loc":{"start":{"line":566,"column":4},"end":{"line":566,"column":79}}}},"statementMap":{"1":{"start":{"line":64,"column":8},"end":{"line":64,"column":20}},"2":{"start":{"line":66,"column":8},"end":{"line":66,"column":23}},"3":{"start":{"line":67,"column":8},"end":{"line":67,"column":23}},"4":{"start":{"line":68,"column":8},"end":{"line":68,"column":25}},"5":{"start":{"line":69,"column":8},"end":{"line":69,"column":31}},"6":{"start":{"line":70,"column":8},"end":{"line":70,"column":45}},"7":{"start":{"line":71,"column":8},"end":{"line":71,"column":43}},"8":{"start":{"line":73,"column":8},"end":{"line":73,"column":39}},"9":{"start":{"line":75,"column":8},"end":{"line":75,"column":2540}},"10":{"start":{"line":76,"column":12},"end":{"line":76,"column":50}},"11":{"start":{"line":89,"column":8},"end":{"line":89,"column":3188}},"12":{"start":{"line":90,"column":12},"end":{"line":90,"column":58}},"13":{"start":{"line":91,"column":12},"end":{"line":91,"column":62}},"14":{"start":{"line":101,"column":8},"end":{"line":101,"column":3630}},"15":{"start":{"line":102,"column":12},"end":{"line":102,"column":3697}},"16":{"start":{"line":103,"column":16},"end":{"line":103,"column":54}},"17":{"start":{"line":128,"column":8},"end":{"line":128,"column":4520}},"18":{"start":{"line":151,"column":8},"end":{"line":151,"column":5160}},"19":{"start":{"line":177,"column":8},"end":{"line":177,"column":5965}},"20":{"start":{"line":193,"column":8},"end":{"line":193,"column":70}},"21":{"start":{"line":195,"column":8},"end":{"line":195,"column":120}},"22":{"start":{"line":196,"column":8},"end":{"line":196,"column":107}},"23":{"start":{"line":197,"column":8},"end":{"line":197,"column":120}},"24":{"start":{"line":207,"column":8},"end":{"line":207,"column":70}},"25":{"start":{"line":209,"column":8},"end":{"line":209,"column":120}},"26":{"start":{"line":222,"column":8},"end":{"line":222,"column":32}},"27":{"start":{"line":223,"column":8},"end":{"line":223,"column":7843}},"28":{"start":{"line":240,"column":8},"end":{"line":240,"column":41}},"29":{"start":{"line":241,"column":8},"end":{"line":241,"column":52}},"30":{"start":{"line":242,"column":8},"end":{"line":242,"column":8588}},"31":{"start":{"line":243,"column":12},"end":{"line":243,"column":18}},"32":{"start":{"line":249,"column":8},"end":{"line":249,"column":8853}},"33":{"start":{"line":276,"column":8},"end":{"line":276,"column":41}},"34":{"start":{"line":279,"column":8},"end":{"line":279,"column":61}},"35":{"start":{"line":285,"column":8},"end":{"line":285,"column":9963}},"36":{"start":{"line":293,"column":8},"end":{"line":293,"column":19}},"37":{"start":{"line":302,"column":8},"end":{"line":302,"column":27}},"38":{"start":{"line":326,"column":8},"end":{"line":326,"column":44}},"39":{"start":{"line":328,"column":8},"end":{"line":328,"column":47}},"40":{"start":{"line":329,"column":8},"end":{"line":329,"column":89}},"41":{"start":{"line":330,"column":8},"end":{"line":330,"column":27}},"42":{"start":{"line":331,"column":8},"end":{"line":331,"column":47}},"43":{"start":{"line":332,"column":8},"end":{"line":332,"column":41}},"44":{"start":{"line":341,"column":8},"end":{"line":341,"column":33}},"45":{"start":{"line":350,"column":8},"end":{"line":350,"column":48}},"46":{"start":{"line":359,"column":8},"end":{"line":359,"column":12299}},"47":{"start":{"line":360,"column":12},"end":{"line":360,"column":27}},"48":{"start":{"line":362,"column":8},"end":{"line":362,"column":26}},"49":{"start":{"line":364,"column":8},"end":{"line":364,"column":12454}},"50":{"start":{"line":365,"column":12},"end":{"line":365,"column":45}},"51":{"start":{"line":366,"column":12},"end":{"line":366,"column":44}},"52":{"start":{"line":367,"column":12},"end":{"line":367,"column":12631}},"53":{"start":{"line":369,"column":12},"end":{"line":369,"column":92}},"54":{"start":{"line":371,"column":8},"end":{"line":371,"column":60}},"55":{"start":{"line":382,"column":8},"end":{"line":382,"column":57}},"56":{"start":{"line":384,"column":8},"end":{"line":384,"column":53}},"57":{"start":{"line":386,"column":8},"end":{"line":386,"column":111}},"58":{"start":{"line":389,"column":8},"end":{"line":389,"column":52}},"59":{"start":{"line":392,"column":8},"end":{"line":392,"column":22}},"60":{"start":{"line":394,"column":8},"end":{"line":394,"column":13883}},"61":{"start":{"line":396,"column":12},"end":{"line":396,"column":44}},"62":{"start":{"line":398,"column":12},"end":{"line":398,"column":59}},"63":{"start":{"line":399,"column":12},"end":{"line":399,"column":41}},"64":{"start":{"line":401,"column":8},"end":{"line":401,"column":26}},"65":{"start":{"line":403,"column":8},"end":{"line":403,"column":47}},"66":{"start":{"line":412,"column":8},"end":{"line":412,"column":57}},"67":{"start":{"line":414,"column":8},"end":{"line":414,"column":53}},"68":{"start":{"line":416,"column":8},"end":{"line":416,"column":46}},"69":{"start":{"line":425,"column":8},"end":{"line":425,"column":57}},"70":{"start":{"line":427,"column":8},"end":{"line":427,"column":53}},"71":{"start":{"line":429,"column":8},"end":{"line":429,"column":62}},"72":{"start":{"line":430,"column":8},"end":{"line":430,"column":24}},"73":{"start":{"line":433,"column":8},"end":{"line":433,"column":33}},"74":{"start":{"line":434,"column":8},"end":{"line":434,"column":15473}},"75":{"start":{"line":435,"column":12},"end":{"line":435,"column":45}},"76":{"start":{"line":436,"column":12},"end":{"line":436,"column":15603}},"77":{"start":{"line":438,"column":12},"end":{"line":438,"column":44}},"78":{"start":{"line":440,"column":12},"end":{"line":440,"column":15855}},"79":{"start":{"line":442,"column":12},"end":{"line":442,"column":46}},"80":{"start":{"line":443,"column":12},"end":{"line":443,"column":45}},"81":{"start":{"line":453,"column":12},"end":{"line":453,"column":57}},"82":{"start":{"line":454,"column":12},"end":{"line":454,"column":31}},"83":{"start":{"line":456,"column":8},"end":{"line":456,"column":29}},"84":{"start":{"line":458,"column":8},"end":{"line":458,"column":44}},"85":{"start":{"line":469,"column":8},"end":{"line":469,"column":44}},"86":{"start":{"line":471,"column":8},"end":{"line":471,"column":41}},"87":{"start":{"line":473,"column":8},"end":{"line":473,"column":44}},"88":{"start":{"line":474,"column":8},"end":{"line":474,"column":47}},"89":{"start":{"line":475,"column":8},"end":{"line":475,"column":43}},"90":{"start":{"line":476,"column":8},"end":{"line":476,"column":43}},"91":{"start":{"line":486,"column":8},"end":{"line":486,"column":44}},"92":{"start":{"line":488,"column":8},"end":{"line":488,"column":41}},"93":{"start":{"line":490,"column":8},"end":{"line":490,"column":48}},"94":{"start":{"line":491,"column":8},"end":{"line":491,"column":44}},"95":{"start":{"line":493,"column":8},"end":{"line":493,"column":53}},"96":{"start":{"line":495,"column":8},"end":{"line":495,"column":43}},"97":{"start":{"line":496,"column":8},"end":{"line":496,"column":43}},"98":{"start":{"line":497,"column":8},"end":{"line":497,"column":34}},"99":{"start":{"line":508,"column":8},"end":{"line":508,"column":34}},"100":{"start":{"line":518,"column":8},"end":{"line":518,"column":18740}},"101":{"start":{"line":519,"column":12},"end":{"line":519,"column":24}},"102":{"start":{"line":521,"column":8},"end":{"line":521,"column":19}},"103":{"start":{"line":533,"column":8},"end":{"line":533,"column":48}},"104":{"start":{"line":535,"column":8},"end":{"line":535,"column":37}},"105":{"start":{"line":536,"column":8},"end":{"line":536,"column":19165}},"106":{"start":{"line":544,"column":8},"end":{"line":544,"column":47}},"107":{"start":{"line":546,"column":8},"end":{"line":546,"column":120}},"108":{"start":{"line":551,"column":62},"end":{"line":551,"column":72}},"109":{"start":{"line":563,"column":8},"end":{"line":563,"column":63}},"110":{"start":{"line":567,"column":8},"end":{"line":567,"column":63}}},"branchMap":{"1":{"line":75,"type":"if","locations":[{"start":{"line":75,"column":8},"end":{"line":75,"column":8}},{"start":{"line":75,"column":8},"end":{"line":75,"column":8}}]},"2":{"line":89,"type":"if","locations":[{"start":{"line":89,"column":8},"end":{"line":89,"column":8}},{"start":{"line":89,"column":8},"end":{"line":89,"column":8}}]},"3":{"line":102,"type":"if","locations":[{"start":{"line":102,"column":12},"end":{"line":102,"column":12}},{"start":{"line":102,"column":12},"end":{"line":102,"column":12}}]},"4":{"line":193,"type":"if","locations":[{"start":{"line":193,"column":8},"end":{"line":193,"column":8}},{"start":{"line":193,"column":8},"end":{"line":193,"column":8}}]},"5":{"line":207,"type":"if","locations":[{"start":{"line":207,"column":8},"end":{"line":207,"column":8}},{"start":{"line":207,"column":8},"end":{"line":207,"column":8}}]},"6":{"line":222,"type":"if","locations":[{"start":{"line":222,"column":8},"end":{"line":222,"column":8}},{"start":{"line":222,"column":8},"end":{"line":222,"column":8}}]},"7":{"line":242,"type":"if","locations":[{"start":{"line":242,"column":8},"end":{"line":242,"column":8}},{"start":{"line":242,"column":8},"end":{"line":242,"column":8}}]},"8":{"line":279,"type":"if","locations":[{"start":{"line":279,"column":8},"end":{"line":279,"column":8}},{"start":{"line":279,"column":8},"end":{"line":279,"column":8}}]},"9":{"line":359,"type":"if","locations":[{"start":{"line":359,"column":8},"end":{"line":359,"column":8}},{"start":{"line":359,"column":8},"end":{"line":359,"column":8}}]},"10":{"line":367,"type":"if","locations":[{"start":{"line":367,"column":12},"end":{"line":367,"column":12}},{"start":{"line":367,"column":12},"end":{"line":367,"column":12}}]},"11":{"line":384,"type":"if","locations":[{"start":{"line":384,"column":8},"end":{"line":384,"column":8}},{"start":{"line":384,"column":8},"end":{"line":384,"column":8}}]},"12":{"line":386,"type":"if","locations":[{"start":{"line":386,"column":8},"end":{"line":386,"column":8}},{"start":{"line":386,"column":8},"end":{"line":386,"column":8}}]},"13":{"line":389,"type":"if","locations":[{"start":{"line":389,"column":8},"end":{"line":389,"column":8}},{"start":{"line":389,"column":8},"end":{"line":389,"column":8}}]},"14":{"line":396,"type":"if","locations":[{"start":{"line":396,"column":12},"end":{"line":396,"column":12}},{"start":{"line":396,"column":12},"end":{"line":396,"column":12}}]},"15":{"line":401,"type":"if","locations":[{"start":{"line":401,"column":8},"end":{"line":401,"column":8}},{"start":{"line":401,"column":8},"end":{"line":401,"column":8}}]},"16":{"line":414,"type":"if","locations":[{"start":{"line":414,"column":8},"end":{"line":414,"column":8}},{"start":{"line":414,"column":8},"end":{"line":414,"column":8}}]},"17":{"line":427,"type":"if","locations":[{"start":{"line":427,"column":8},"end":{"line":427,"column":8}},{"start":{"line":427,"column":8},"end":{"line":427,"column":8}}]},"18":{"line":430,"type":"if","locations":[{"start":{"line":430,"column":8},"end":{"line":430,"column":8}},{"start":{"line":430,"column":8},"end":{"line":430,"column":8}}]},"19":{"line":436,"type":"if","locations":[{"start":{"line":436,"column":12},"end":{"line":436,"column":12}},{"start":{"line":436,"column":12},"end":{"line":436,"column":12}}]},"20":{"line":438,"type":"if","locations":[{"start":{"line":438,"column":12},"end":{"line":438,"column":12}},{"start":{"line":438,"column":12},"end":{"line":438,"column":12}}]},"21":{"line":456,"type":"if","locations":[{"start":{"line":456,"column":8},"end":{"line":456,"column":8}},{"start":{"line":456,"column":8},"end":{"line":456,"column":8}}]},"22":{"line":469,"type":"if","locations":[{"start":{"line":469,"column":8},"end":{"line":469,"column":8}},{"start":{"line":469,"column":8},"end":{"line":469,"column":8}}]},"23":{"line":471,"type":"if","locations":[{"start":{"line":471,"column":8},"end":{"line":471,"column":8}},{"start":{"line":471,"column":8},"end":{"line":471,"column":8}}]},"24":{"line":486,"type":"if","locations":[{"start":{"line":486,"column":8},"end":{"line":486,"column":8}},{"start":{"line":486,"column":8},"end":{"line":486,"column":8}}]},"25":{"line":488,"type":"if","locations":[{"start":{"line":488,"column":8},"end":{"line":488,"column":8}},{"start":{"line":488,"column":8},"end":{"line":488,"column":8}}]},"26":{"line":493,"type":"if","locations":[{"start":{"line":493,"column":8},"end":{"line":493,"column":8}},{"start":{"line":493,"column":8},"end":{"line":493,"column":8}}]},"27":{"line":518,"type":"if","locations":[{"start":{"line":518,"column":8},"end":{"line":518,"column":8}},{"start":{"line":518,"column":8},"end":{"line":518,"column":8}}]},"28":{"line":533,"type":"if","locations":[{"start":{"line":533,"column":8},"end":{"line":533,"column":8}},{"start":{"line":533,"column":8},"end":{"line":533,"column":8}}]}}}}